Using pre-set license

 COMMAND LINE ARGUMENTS:
/Users/lesmouflets/Desktop/Esteban Stuff/Unity Projects/2020.3.8f1/Unity.app/Contents/MacOS/Unity
-adb2
-batchMode
-noUpm
-name
AssetImportWorker0
-projectPath
/Users/lesmouflets/Desktop/Esteban Stuff/Github/OneBossDemo/One Boss (MVP)
-logFile
Logs/AssetImportWorker0.log
-srvPort
58924
Successfully changed project path to: /Users/lesmouflets/Desktop/Esteban Stuff/Github/OneBossDemo/One Boss (MVP)
/Users/lesmouflets/Desktop/Esteban Stuff/Github/OneBossDemo/One Boss (MVP)
Using Asset Import Pipeline V2.
Refreshing native plugins compatible for Editor in 43.64 ms, found 2 plugins.
Preloading 0 native plugins for Editor in 0.00 ms.
Initialize engine version: 2020.3.8f1 (507919d4fff5)
[Subsystems] Discovering subsystems at path /Users/lesmouflets/Desktop/Esteban Stuff/Unity Projects/2020.3.8f1/Unity.app/Contents/Resources/UnitySubsystems
[Subsystems] Discovering subsystems at path /Users/lesmouflets/Desktop/Esteban Stuff/Github/OneBossDemo/One Boss (MVP)/Assets
GfxDevice: creating device client; threaded=0
2021-06-04 15:42:33.539 Unity[15584:1242854] iMac preferred device: NVIDIA GeForce GT 755M (high power)
2021-06-04 15:42:33.539 Unity[15584:1242854] Metal devices available: 1
2021-06-04 15:42:33.539 Unity[15584:1242854] 0: NVIDIA GeForce GT 755M (high power)
2021-06-04 15:42:33.540 Unity[15584:1242854] Using device NVIDIA GeForce GT 755M (high power)
Initializing Metal device caps: NVIDIA GeForce GT 755M
Initialize mono
Mono path[0] = '/Users/lesmouflets/Desktop/Esteban Stuff/Unity Projects/2020.3.8f1/Unity.app/Contents/Managed'
Mono path[1] = '/Users/lesmouflets/Desktop/Esteban Stuff/Unity Projects/2020.3.8f1/Unity.app/Contents/MonoBleedingEdge/lib/mono/unityjit'
Mono config path = '/Users/lesmouflets/Desktop/Esteban Stuff/Unity Projects/2020.3.8f1/Unity.app/Contents/MonoBleedingEdge/etc'
Using monoOptions --debugger-agent=transport=dt_socket,embedding=1,server=y,suspend=n,address=127.0.0.1:56584
Begin MonoManager ReloadAssembly
Registering precompiled unity dll's ...
Register platform support module: /Users/lesmouflets/Desktop/Esteban Stuff/Unity Projects/2020.3.8f1/Unity.app/Contents/PlaybackEngines/MacStandaloneSupport/UnityEditor.OSXStandalone.Extensions.dll
Registered in 0.164622 seconds.
Native extension for OSXStandalone target not found
Refreshing native plugins compatible for Editor in 49.50 ms, found 2 plugins.
Preloading 0 native plugins for Editor in 0.00 ms.
Mono: successfully reloaded assembly
- Completed reload, in  4.360 seconds
Platform modules already initialized, skipping
Registering precompiled user dll's ...
Registered in 0.129455 seconds.
Begin MonoManager ReloadAssembly
Native extension for OSXStandalone target not found
Refreshing native plugins compatible for Editor in 44.28 ms, found 2 plugins.
Preloading 0 native plugins for Editor in 0.00 ms.
Mono: successfully reloaded assembly
- Completed reload, in  1.991 seconds
Platform modules already initialized, skipping
========================================================================
Worker process is ready to serve import requests
Launching external process: /Users/lesmouflets/Desktop/Esteban Stuff/Unity Projects/2020.3.8f1/Unity.app/Contents/Tools/UnityShaderCompiler
Launched and connected shader compiler UnityShaderCompiler after 1.14 seconds
Refreshing native plugins compatible for Editor in 0.43 ms, found 2 plugins.
Preloading 0 native plugins for Editor in 0.00 ms.
Unloading 1808 Unused Serialized files (Serialized files now loaded: 0)
System memory in use before: 144.6 MB.
System memory in use after: 144.7 MB.

Unloading 19 unused Assets to reduce memory usage. Loaded Objects now: 2255.
Total: 2.901233 ms (FindLiveObjects: 0.313989 ms CreateObjectMapping: 0.165208 ms MarkObjects: 2.329171 ms  DeleteObjects: 0.091734 ms)

========================================================================
Received Import Request.
  path: Assets/Animations
  artifactKey: Guid(1b33a3427153444d686cc1371b85178d) Importer(815301076,1909f56bfc062723c751e8b465ee728b)
Start importing Assets/Animations using Guid(1b33a3427153444d686cc1371b85178d) Importer(815301076,1909f56bfc062723c751e8b465ee728b)  -> (artifact id: '9344d99379380ad911b710a43d94a6c8') in 0.046187 seconds
  Import took 0.088877 seconds .

========================================================================
Received Import Request.
  Time since last request: 366.252177 seconds.
  path: Assets/Animations/Player_Idle01.png
  artifactKey: Guid(6e7cfab00f6064eb48282859ad8c54c7) Importer(815301076,1909f56bfc062723c751e8b465ee728b)
Start importing Assets/Animations/Player_Idle01.png using Guid(6e7cfab00f6064eb48282859ad8c54c7) Importer(815301076,1909f56bfc062723c751e8b465ee728b)  -> (artifact id: '1b9b465c097dd4a868f6c80fbac831c6') in 4.993212 seconds
  Import took 5.031848 seconds .

========================================================================
Received Import Request.
  Time since last request: 112.636311 seconds.
  path: Assets/Animations/Player_Idle00.png
  artifactKey: Guid(6e7cfab00f6064eb48282859ad8c54c7) Importer(815301076,1909f56bfc062723c751e8b465ee728b)
Start importing Assets/Animations/Player_Idle00.png using Guid(6e7cfab00f6064eb48282859ad8c54c7) Importer(815301076,1909f56bfc062723c751e8b465ee728b)  -> (artifact id: 'e7619a4eb086f420b825c6303092f870') in 0.054563 seconds
  Import took 0.079939 seconds .

========================================================================
Received Import Request.
  Time since last request: 2.565761 seconds.
  path: Assets/Animations/Player_Idle02.png
  artifactKey: Guid(ceea69db2d433401cb737cb571a3bc2a) Importer(815301076,1909f56bfc062723c751e8b465ee728b)
Start importing Assets/Animations/Player_Idle02.png using Guid(ceea69db2d433401cb737cb571a3bc2a) Importer(815301076,1909f56bfc062723c751e8b465ee728b)  -> (artifact id: 'efd8f8d0ee70adedd3ade8e6a3f0b9d6') in 0.066214 seconds
  Import took 0.090918 seconds .

========================================================================
Received Import Request.
  Time since last request: 4.416976 seconds.
  path: Assets/Animations/Player_Idle01.png
  artifactKey: Guid(ceea69db2d433401cb737cb571a3bc2a) Importer(815301076,1909f56bfc062723c751e8b465ee728b)
Start importing Assets/Animations/Player_Idle01.png using Guid(ceea69db2d433401cb737cb571a3bc2a) Importer(815301076,1909f56bfc062723c751e8b465ee728b)  -> (artifact id: '53849f36d7e5385bdd01e005573dab4f') in 0.111995 seconds
  Import took 0.142573 seconds .

========================================================================
Received Import Request.
  Time since last request: 148.173230 seconds.
  path: Assets/Sprites/Player_Idle00.png
  artifactKey: Guid(6e7cfab00f6064eb48282859ad8c54c7) Importer(815301076,1909f56bfc062723c751e8b465ee728b)
Start importing Assets/Sprites/Player_Idle00.png using Guid(6e7cfab00f6064eb48282859ad8c54c7) Importer(815301076,1909f56bfc062723c751e8b465ee728b)  -> (artifact id: 'da2378eb30843e2170c975bc2a7cdd0a') in 0.047016 seconds
  Import took 0.208933 seconds .

========================================================================
Received Import Request.
  Time since last request: 0.000406 seconds.
  path: Assets/Sprites/Player_Idle01.png
  artifactKey: Guid(ceea69db2d433401cb737cb571a3bc2a) Importer(815301076,1909f56bfc062723c751e8b465ee728b)
Start importing Assets/Sprites/Player_Idle01.png using Guid(ceea69db2d433401cb737cb571a3bc2a) Importer(815301076,1909f56bfc062723c751e8b465ee728b)  -> (artifact id: 'ed9042798951082de5cfd89c81cbccbf') in 0.074677 seconds
  Import took 0.093279 seconds .

========================================================================
Received Import Request.
  Time since last request: 26.836733 seconds.
  path: Assets/Animations/Player.controller
  artifactKey: Guid(b7d32a916297a4ec288ac19f9fca90d4) Importer(815301076,1909f56bfc062723c751e8b465ee728b)
Start importing Assets/Animations/Player.controller using Guid(b7d32a916297a4ec288ac19f9fca90d4) Importer(815301076,1909f56bfc062723c751e8b465ee728b)  -> (artifact id: '9c2fdbccd795ec9205113ee2024c272f') in 3.720119 seconds
  Import took 3.752005 seconds .

========================================================================
Received Import Request.
  Time since last request: 20.258635 seconds.
  path: Assets/Sprites/Player_Idle00.png
  artifactKey: Guid(6e7cfab00f6064eb48282859ad8c54c7) Importer(815301076,1909f56bfc062723c751e8b465ee728b)
Start importing Assets/Sprites/Player_Idle00.png using Guid(6e7cfab00f6064eb48282859ad8c54c7) Importer(815301076,1909f56bfc062723c751e8b465ee728b)  -> (artifact id: 'e95b374e850a96b3b402e1e58269320e') in 0.046357 seconds
  Import took 0.076753 seconds .

========================================================================
Received Import Request.
  Time since last request: 0.000419 seconds.
  path: Assets/Sprites/Player_Idle01.png
  artifactKey: Guid(ceea69db2d433401cb737cb571a3bc2a) Importer(815301076,1909f56bfc062723c751e8b465ee728b)
Start importing Assets/Sprites/Player_Idle01.png using Guid(ceea69db2d433401cb737cb571a3bc2a) Importer(815301076,1909f56bfc062723c751e8b465ee728b)  -> (artifact id: '6a8c79db76aa1b8c37a4378e582c11ea') in 0.029765 seconds
  Import took 0.061395 seconds .

========================================================================
Received Import Request.
  Time since last request: 129.258384 seconds.
  path: Assets/Animations/Player_Idle.anim
  artifactKey: Guid(3eb1b231757a240b3a9faafbb4ad8402) Importer(815301076,1909f56bfc062723c751e8b465ee728b)
Start importing Assets/Animations/Player_Idle.anim using Guid(3eb1b231757a240b3a9faafbb4ad8402) Importer(815301076,1909f56bfc062723c751e8b465ee728b)  -> (artifact id: '2624d3e9bceb14b12384ec084b60138a') in 0.464494 seconds
  Import took 0.490290 seconds .

========================================================================
Received Import Request.
  Time since last request: 0.000268 seconds.
  path: Assets/Animations/Player_Idle00.controller
  artifactKey: Guid(10b991f6bbfe44371824ccf1e6081064) Importer(815301076,1909f56bfc062723c751e8b465ee728b)
Start importing Assets/Animations/Player_Idle00.controller using Guid(10b991f6bbfe44371824ccf1e6081064) Importer(815301076,1909f56bfc062723c751e8b465ee728b)  -> (artifact id: 'a7af8faeda8178b2d11766499db69e06') in 0.010394 seconds
  Import took 0.066861 seconds .

========================================================================
Received Prepare
Registering precompiled user dll's ...
Registered in 0.045208 seconds.
Begin MonoManager ReloadAssembly
Native extension for OSXStandalone target not found
Refreshing native plugins compatible for Editor in 0.40 ms, found 2 plugins.
Preloading 0 native plugins for Editor in 0.00 ms.
Mono: successfully reloaded assembly
- Completed reload, in  1.666 seconds
Platform modules already initialized, skipping
Refreshing native plugins compatible for Editor in 0.45 ms, found 2 plugins.
Preloading 0 native plugins for Editor in 0.00 ms.
Unloading 1799 Unused Serialized files (Serialized files now loaded: 0)
System memory in use before: 160.9 MB.
System memory in use after: 161.0 MB.

Unloading 8 unused Assets to reduce memory usage. Loaded Objects now: 2264.
Total: 2.873162 ms (FindLiveObjects: 0.370408 ms CreateObjectMapping: 0.195454 ms MarkObjects: 2.285852 ms  DeleteObjects: 0.019530 ms)

========================================================================
Received Prepare
Registering precompiled user dll's ...
Registered in 0.022259 seconds.
Begin MonoManager ReloadAssembly
Native extension for OSXStandalone target not found
Refreshing native plugins compatible for Editor in 0.84 ms, found 2 plugins.
Preloading 0 native plugins for Editor in 0.00 ms.
Mono: successfully reloaded assembly
- Completed reload, in  1.894 seconds
Platform modules already initialized, skipping
Refreshing native plugins compatible for Editor in 0.40 ms, found 2 plugins.
Preloading 0 native plugins for Editor in 0.00 ms.
Unloading 1799 Unused Serialized files (Serialized files now loaded: 0)
System memory in use before: 161.1 MB.
System memory in use after: 161.2 MB.

Unloading 8 unused Assets to reduce memory usage. Loaded Objects now: 2267.
Total: 2.599775 ms (FindLiveObjects: 0.283438 ms CreateObjectMapping: 0.160671 ms MarkObjects: 2.138152 ms  DeleteObjects: 0.016545 ms)

========================================================================
Received Prepare
Registering precompiled user dll's ...
Registered in 0.000639 seconds.
Begin MonoManager ReloadAssembly
Native extension for OSXStandalone target not found
Refreshing native plugins compatible for Editor in 0.46 ms, found 2 plugins.
Preloading 0 native plugins for Editor in 0.00 ms.
Mono: successfully reloaded assembly
- Completed reload, in  1.754 seconds
Platform modules already initialized, skipping
Refreshing native plugins compatible for Editor in 0.40 ms, found 2 plugins.
Preloading 0 native plugins for Editor in 0.00 ms.
Unloading 1799 Unused Serialized files (Serialized files now loaded: 0)
System memory in use before: 161.3 MB.
System memory in use after: 161.4 MB.

Unloading 8 unused Assets to reduce memory usage. Loaded Objects now: 2270.
Total: 3.570609 ms (FindLiveObjects: 0.295486 ms CreateObjectMapping: 0.118911 ms MarkObjects: 3.135563 ms  DeleteObjects: 0.018448 ms)

========================================================================
Received Prepare
Registering precompiled user dll's ...
Registered in 0.051316 seconds.
Begin MonoManager ReloadAssembly
Native extension for OSXStandalone target not found
Refreshing native plugins compatible for Editor in 0.42 ms, found 2 plugins.
Preloading 0 native plugins for Editor in 0.00 ms.
Mono: successfully reloaded assembly
- Completed reload, in  1.479 seconds
Platform modules already initialized, skipping
Refreshing native plugins compatible for Editor in 0.40 ms, found 2 plugins.
Preloading 0 native plugins for Editor in 0.00 ms.
Unloading 1799 Unused Serialized files (Serialized files now loaded: 0)
System memory in use before: 161.5 MB.
System memory in use after: 161.6 MB.

Unloading 8 unused Assets to reduce memory usage. Loaded Objects now: 2273.
Total: 2.794890 ms (FindLiveObjects: 0.289980 ms CreateObjectMapping: 0.177364 ms MarkObjects: 2.308785 ms  DeleteObjects: 0.017754 ms)

========================================================================
Received Import Request.
  Time since last request: 696.040916 seconds.
  path: Assets/Sprites/Player_Run00.png
  artifactKey: Guid(26320a94af42044c2badeb0d393ee419) Importer(815301076,1909f56bfc062723c751e8b465ee728b)
Start importing Assets/Sprites/Player_Run00.png using Guid(26320a94af42044c2badeb0d393ee419) Importer(815301076,1909f56bfc062723c751e8b465ee728b)  -> (artifact id: 'c83893b9c796bc99cff3ff794d6514c4') in 0.212118 seconds
  Import took 0.290411 seconds .

========================================================================
Received Import Request.
  Time since last request: 0.000417 seconds.
  path: Assets/Sprites/Player_Run01.png
  artifactKey: Guid(486cc6155253e4a9c9adbd4a8a87c3ed) Importer(815301076,1909f56bfc062723c751e8b465ee728b)
Start importing Assets/Sprites/Player_Run01.png using Guid(486cc6155253e4a9c9adbd4a8a87c3ed) Importer(815301076,1909f56bfc062723c751e8b465ee728b)  -> (artifact id: '06d17c0f0381a00c4b6cb71037193b86') in 0.071366 seconds
  Import took 0.099251 seconds .

========================================================================
Received Import Request.
  Time since last request: 21.434377 seconds.
  path: Assets/Sprites/Player_Run00.png
  artifactKey: Guid(26320a94af42044c2badeb0d393ee419) Importer(815301076,1909f56bfc062723c751e8b465ee728b)
Start importing Assets/Sprites/Player_Run00.png using Guid(26320a94af42044c2badeb0d393ee419) Importer(815301076,1909f56bfc062723c751e8b465ee728b)  -> (artifact id: 'eeff2f6888a7a599335623a3edd8e221') in 0.031165 seconds
  Import took 0.097345 seconds .

========================================================================
Received Import Request.
  Time since last request: 0.000202 seconds.
  path: Assets/Sprites/Player_Run01.png
  artifactKey: Guid(486cc6155253e4a9c9adbd4a8a87c3ed) Importer(815301076,1909f56bfc062723c751e8b465ee728b)
Start importing Assets/Sprites/Player_Run01.png using Guid(486cc6155253e4a9c9adbd4a8a87c3ed) Importer(815301076,1909f56bfc062723c751e8b465ee728b)  -> (artifact id: 'a97633f9fee6ca66c4f12bcdc2a5e99d') in 0.085788 seconds
  Import took 0.089626 seconds .

========================================================================
Received Import Request.
  Time since last request: 140.805643 seconds.
  path: Assets/Animations/Player.controller
  artifactKey: Guid(10b991f6bbfe44371824ccf1e6081064) Importer(815301076,1909f56bfc062723c751e8b465ee728b)
Start importing Assets/Animations/Player.controller using Guid(10b991f6bbfe44371824ccf1e6081064) Importer(815301076,1909f56bfc062723c751e8b465ee728b)  -> (artifact id: '6224c5fe70e881ddb5b5340667477288') in 0.009928 seconds
  Import took 0.034257 seconds .

========================================================================
Received Import Request.
  Time since last request: 337.058783 seconds.
  path: Assets/Sprites/Player_Jump01.png
  artifactKey: Guid(8bc4e0f21435c47ba83ef32d6ebb755e) Importer(815301076,1909f56bfc062723c751e8b465ee728b)
Start importing Assets/Sprites/Player_Jump01.png using Guid(8bc4e0f21435c47ba83ef32d6ebb755e) Importer(815301076,1909f56bfc062723c751e8b465ee728b)  -> (artifact id: '8e90063b52cdf0ec9b2c3b590ce18f69') in 0.060072 seconds
  Import took 0.089988 seconds .

========================================================================
Received Import Request.
  Time since last request: 221.635474 seconds.
  path: Assets/Animations/Player_Jump.anim
  artifactKey: Guid(250f2f313b6434a55818206b64d2c6e8) Importer(815301076,1909f56bfc062723c751e8b465ee728b)
Start importing Assets/Animations/Player_Jump.anim using Guid(250f2f313b6434a55818206b64d2c6e8) Importer(815301076,1909f56bfc062723c751e8b465ee728b)  -> (artifact id: '8d1beabac9aeabf1b7fb2d365045ef66') in 0.026998 seconds
  Import took 0.056030 seconds .

========================================================================
Received Import Request.
  Time since last request: 46.496174 seconds.
  path: Assets/Scripts/PlayerMovement.cs
  artifactKey: Guid(3b76999f4c68a47ad993af7289a63877) Importer(815301076,1909f56bfc062723c751e8b465ee728b)
Start importing Assets/Scripts/PlayerMovement.cs using Guid(3b76999f4c68a47ad993af7289a63877) Importer(815301076,1909f56bfc062723c751e8b465ee728b)  -> (artifact id: 'a2133a73f2aa9c1bbac637ba70677385') in 1.214882 seconds
  Import took 1.244899 seconds .

========================================================================
Received Import Request.
  Time since last request: 119.253229 seconds.
  path: Assets/Scripts/PlayerMovement.cs
  artifactKey: Guid(3b76999f4c68a47ad993af7289a63877) Importer(815301076,1909f56bfc062723c751e8b465ee728b)
Start importing Assets/Scripts/PlayerMovement.cs using Guid(3b76999f4c68a47ad993af7289a63877) Importer(815301076,1909f56bfc062723c751e8b465ee728b)  -> (artifact id: '81c7a781a9db7eb8390dcec4ec7a6151') in 0.036280 seconds
  Import took 0.066150 seconds .

========================================================================
Received Prepare
Registering precompiled user dll's ...
Registered in 0.058274 seconds.
Begin MonoManager ReloadAssembly
Native extension for OSXStandalone target not found
Refreshing native plugins compatible for Editor in 0.48 ms, found 2 plugins.
Preloading 0 native plugins for Editor in 0.00 ms.
Mono: successfully reloaded assembly
- Completed reload, in  2.974 seconds
Platform modules already initialized, skipping
Refreshing native plugins compatible for Editor in 0.38 ms, found 2 plugins.
Preloading 0 native plugins for Editor in 0.00 ms.
Unloading 1799 Unused Serialized files (Serialized files now loaded: 0)
System memory in use before: 166.0 MB.
System memory in use after: 166.1 MB.

Unloading 8 unused Assets to reduce memory usage. Loaded Objects now: 2277.
Total: 2.055975 ms (FindLiveObjects: 0.211972 ms CreateObjectMapping: 0.064390 ms MarkObjects: 1.764005 ms  DeleteObjects: 0.014475 ms)

========================================================================
Received Prepare
Registering precompiled user dll's ...
Registered in 0.072707 seconds.
Begin MonoManager ReloadAssembly
Native extension for OSXStandalone target not found
Refreshing native plugins compatible for Editor in 0.66 ms, found 2 plugins.
Preloading 0 native plugins for Editor in 0.00 ms.
Mono: successfully reloaded assembly
- Completed reload, in  2.269 seconds
Platform modules already initialized, skipping
Refreshing native plugins compatible for Editor in 0.69 ms, found 2 plugins.
Preloading 0 native plugins for Editor in 0.00 ms.
Unloading 1799 Unused Serialized files (Serialized files now loaded: 0)
System memory in use before: 166.2 MB.
System memory in use after: 166.3 MB.

Unloading 8 unused Assets to reduce memory usage. Loaded Objects now: 2280.
Total: 2.126113 ms (FindLiveObjects: 0.214446 ms CreateObjectMapping: 0.065699 ms MarkObjects: 1.827842 ms  DeleteObjects: 0.017171 ms)

========================================================================
Received Prepare
Registering precompiled user dll's ...
Registered in 0.000782 seconds.
Begin MonoManager ReloadAssembly
Native extension for OSXStandalone target not found
Refreshing native plugins compatible for Editor in 0.39 ms, found 2 plugins.
Preloading 0 native plugins for Editor in 0.00 ms.
Mono: successfully reloaded assembly
- Completed reload, in  1.169 seconds
Platform modules already initialized, skipping
Refreshing native plugins compatible for Editor in 0.41 ms, found 2 plugins.
Preloading 0 native plugins for Editor in 0.00 ms.
Unloading 1799 Unused Serialized files (Serialized files now loaded: 0)
System memory in use before: 166.4 MB.
System memory in use after: 166.5 MB.

Unloading 8 unused Assets to reduce memory usage. Loaded Objects now: 2283.
Total: 2.171554 ms (FindLiveObjects: 0.221696 ms CreateObjectMapping: 0.079435 ms MarkObjects: 1.851447 ms  DeleteObjects: 0.017487 ms)

========================================================================
Received Import Request.
  Time since last request: 351.384710 seconds.
  path: Assets/Sprites/Player_Jump01.png
  artifactKey: Guid(8bc4e0f21435c47ba83ef32d6ebb755e) Importer(815301076,1909f56bfc062723c751e8b465ee728b)
Start importing Assets/Sprites/Player_Jump01.png using Guid(8bc4e0f21435c47ba83ef32d6ebb755e) Importer(815301076,1909f56bfc062723c751e8b465ee728b)  -> (artifact id: '4eaecca42f581d3b11ea257cd4cb72db') in 0.199805 seconds
  Import took 0.222814 seconds .

========================================================================
Received Import Request.
  Time since last request: 0.072084 seconds.
  path: Assets/Sprites/Player_Jump01.png
  artifactKey: Guid(8bc4e0f21435c47ba83ef32d6ebb755e) Importer(815301076,1909f56bfc062723c751e8b465ee728b)
Start importing Assets/Sprites/Player_Jump01.png using Guid(8bc4e0f21435c47ba83ef32d6ebb755e) Importer(815301076,1909f56bfc062723c751e8b465ee728b)  -> (artifact id: '4eaecca42f581d3b11ea257cd4cb72db') in 0.009929 seconds
  Import took 0.014492 seconds .

========================================================================
Received Prepare
Registering precompiled user dll's ...
Registered in 0.025787 seconds.
Begin MonoManager ReloadAssembly
Native extension for OSXStandalone target not found
Refreshing native plugins compatible for Editor in 0.47 ms, found 2 plugins.
Preloading 0 native plugins for Editor in 0.00 ms.
Mono: successfully reloaded assembly
- Completed reload, in  2.908 seconds
Platform modules already initialized, skipping
Refreshing native plugins compatible for Editor in 0.56 ms, found 2 plugins.
Preloading 0 native plugins for Editor in 0.00 ms.
Unloading 1799 Unused Serialized files (Serialized files now loaded: 0)
System memory in use before: 166.7 MB.
System memory in use after: 166.8 MB.

Unloading 8 unused Assets to reduce memory usage. Loaded Objects now: 2287.
Total: 3.457469 ms (FindLiveObjects: 0.537764 ms CreateObjectMapping: 0.203388 ms MarkObjects: 2.695086 ms  DeleteObjects: 0.019687 ms)

========================================================================
Received Prepare
Registering precompiled user dll's ...
Registered in 0.163174 seconds.
Begin MonoManager ReloadAssembly
Native extension for OSXStandalone target not found
Refreshing native plugins compatible for Editor in 0.42 ms, found 2 plugins.
Preloading 0 native plugins for Editor in 0.00 ms.
Mono: successfully reloaded assembly
- Completed reload, in  2.034 seconds
Platform modules already initialized, skipping
Refreshing native plugins compatible for Editor in 0.44 ms, found 2 plugins.
Preloading 0 native plugins for Editor in 0.00 ms.
Unloading 1799 Unused Serialized files (Serialized files now loaded: 0)
System memory in use before: 166.9 MB.
System memory in use after: 167.0 MB.

Unloading 8 unused Assets to reduce memory usage. Loaded Objects now: 2290.
Total: 2.100589 ms (FindLiveObjects: 0.208816 ms CreateObjectMapping: 0.065737 ms MarkObjects: 1.808089 ms  DeleteObjects: 0.017142 ms)

========================================================================
Received Prepare
Registering precompiled user dll's ...
Registered in 0.001051 seconds.
Begin MonoManager ReloadAssembly
Native extension for OSXStandalone target not found
Refreshing native plugins compatible for Editor in 0.52 ms, found 2 plugins.
Preloading 0 native plugins for Editor in 0.00 ms.
Mono: successfully reloaded assembly
- Completed reload, in  2.946 seconds
Platform modules already initialized, skipping
Refreshing native plugins compatible for Editor in 0.89 ms, found 2 plugins.
Preloading 0 native plugins for Editor in 0.00 ms.
Unloading 1799 Unused Serialized files (Serialized files now loaded: 0)
System memory in use before: 167.1 MB.
System memory in use after: 167.2 MB.

Unloading 8 unused Assets to reduce memory usage. Loaded Objects now: 2293.
Total: 3.091988 ms (FindLiveObjects: 0.611160 ms CreateObjectMapping: 0.234757 ms MarkObjects: 2.220444 ms  DeleteObjects: 0.023855 ms)

========================================================================
Received Prepare
Registering precompiled user dll's ...
Registered in 0.000674 seconds.
Begin MonoManager ReloadAssembly
Native extension for OSXStandalone target not found
Refreshing native plugins compatible for Editor in 0.38 ms, found 2 plugins.
Preloading 0 native plugins for Editor in 0.00 ms.
Mono: successfully reloaded assembly
- Completed reload, in  1.907 seconds
Platform modules already initialized, skipping
Refreshing native plugins compatible for Editor in 0.39 ms, found 2 plugins.
Preloading 0 native plugins for Editor in 0.00 ms.
Unloading 1799 Unused Serialized files (Serialized files now loaded: 0)
System memory in use before: 167.3 MB.
System memory in use after: 167.4 MB.

Unloading 8 unused Assets to reduce memory usage. Loaded Objects now: 2296.
Total: 2.213826 ms (FindLiveObjects: 0.216895 ms CreateObjectMapping: 0.063910 ms MarkObjects: 1.899667 ms  DeleteObjects: 0.032296 ms)

========================================================================
Received Prepare
Registering precompiled user dll's ...
Registered in 0.021567 seconds.
Begin MonoManager ReloadAssembly
Native extension for OSXStandalone target not found
Refreshing native plugins compatible for Editor in 1.86 ms, found 2 plugins.
Preloading 0 native plugins for Editor in 0.00 ms.
Mono: successfully reloaded assembly
- Completed reload, in  1.545 seconds
Platform modules already initialized, skipping
Refreshing native plugins compatible for Editor in 0.39 ms, found 2 plugins.
Preloading 0 native plugins for Editor in 0.00 ms.
Unloading 1799 Unused Serialized files (Serialized files now loaded: 0)
System memory in use before: 167.5 MB.
System memory in use after: 167.7 MB.

Unloading 8 unused Assets to reduce memory usage. Loaded Objects now: 2299.
Total: 3.592141 ms (FindLiveObjects: 0.895873 ms CreateObjectMapping: 0.163683 ms MarkObjects: 2.511844 ms  DeleteObjects: 0.019423 ms)

========================================================================
Received Prepare
Registering precompiled user dll's ...
Registered in 0.063753 seconds.
Begin MonoManager ReloadAssembly
Native extension for OSXStandalone target not found
Refreshing native plugins compatible for Editor in 0.39 ms, found 2 plugins.
Preloading 0 native plugins for Editor in 0.00 ms.
Mono: successfully reloaded assembly
- Completed reload, in  1.449 seconds
Platform modules already initialized, skipping
Refreshing native plugins compatible for Editor in 0.40 ms, found 2 plugins.
Preloading 0 native plugins for Editor in 0.00 ms.
Unloading 1799 Unused Serialized files (Serialized files now loaded: 0)
System memory in use before: 167.7 MB.
System memory in use after: 167.8 MB.

Unloading 8 unused Assets to reduce memory usage. Loaded Objects now: 2302.
Total: 3.666596 ms (FindLiveObjects: 0.587191 ms CreateObjectMapping: 0.097390 ms MarkObjects: 2.961800 ms  DeleteObjects: 0.018498 ms)

========================================================================
Received Prepare
Registering precompiled user dll's ...
Registered in 0.033106 seconds.
Begin MonoManager ReloadAssembly
Native extension for OSXStandalone target not found
Refreshing native plugins compatible for Editor in 0.41 ms, found 2 plugins.
Preloading 0 native plugins for Editor in 0.00 ms.
Mono: successfully reloaded assembly
- Completed reload, in  5.796 seconds
Platform modules already initialized, skipping
Refreshing native plugins compatible for Editor in 0.40 ms, found 2 plugins.
Preloading 0 native plugins for Editor in 0.00 ms.
Unloading 1799 Unused Serialized files (Serialized files now loaded: 0)
System memory in use before: 167.9 MB.
System memory in use after: 168.1 MB.

Unloading 8 unused Assets to reduce memory usage. Loaded Objects now: 2305.
Total: 4.336793 ms (FindLiveObjects: 0.469803 ms CreateObjectMapping: 0.190516 ms MarkObjects: 3.649775 ms  DeleteObjects: 0.023755 ms)

========================================================================
Received Prepare
Registering precompiled user dll's ...
Registered in 0.000672 seconds.
Begin MonoManager ReloadAssembly
Native extension for OSXStandalone target not found
Refreshing native plugins compatible for Editor in 1.17 ms, found 2 plugins.
Preloading 0 native plugins for Editor in 0.00 ms.
Mono: successfully reloaded assembly
- Completed reload, in  1.966 seconds
Platform modules already initialized, skipping
Refreshing native plugins compatible for Editor in 0.41 ms, found 2 plugins.
Preloading 0 native plugins for Editor in 0.00 ms.
Unloading 1799 Unused Serialized files (Serialized files now loaded: 0)
System memory in use before: 168.1 MB.
System memory in use after: 168.3 MB.

Unloading 8 unused Assets to reduce memory usage. Loaded Objects now: 2308.
Total: 3.422930 ms (FindLiveObjects: 0.353257 ms CreateObjectMapping: 0.208677 ms MarkObjects: 2.830415 ms  DeleteObjects: 0.028264 ms)

========================================================================
Received Import Request.
  Time since last request: 860.731027 seconds.
  path: Assets/Sprites/Player_Idle00.png
  artifactKey: Guid(6e7cfab00f6064eb48282859ad8c54c7) Importer(815301076,1909f56bfc062723c751e8b465ee728b)
Start importing Assets/Sprites/Player_Idle00.png using Guid(6e7cfab00f6064eb48282859ad8c54c7) Importer(815301076,1909f56bfc062723c751e8b465ee728b)  -> (artifact id: '138875ca583de98865d38a7ad356c015') in 0.348703 seconds
  Import took 0.390173 seconds .

========================================================================
Received Prepare
Registering precompiled user dll's ...
Registered in 0.139134 seconds.
Begin MonoManager ReloadAssembly
Native extension for OSXStandalone target not found
Refreshing native plugins compatible for Editor in 0.41 ms, found 2 plugins.
Preloading 0 native plugins for Editor in 0.00 ms.
Mono: successfully reloaded assembly
- Completed reload, in  4.385 seconds
Platform modules already initialized, skipping
Refreshing native plugins compatible for Editor in 0.41 ms, found 2 plugins.
Preloading 0 native plugins for Editor in 0.00 ms.
Unloading 1799 Unused Serialized files (Serialized files now loaded: 0)
System memory in use before: 168.4 MB.
System memory in use after: 168.5 MB.

Unloading 8 unused Assets to reduce memory usage. Loaded Objects now: 2312.
Total: 2.643364 ms (FindLiveObjects: 0.224468 ms CreateObjectMapping: 0.077562 ms MarkObjects: 2.319486 ms  DeleteObjects: 0.020592 ms)

========================================================================
Received Prepare
Registering precompiled user dll's ...
Registered in 0.063561 seconds.
Begin MonoManager ReloadAssembly
Native extension for OSXStandalone target not found
Refreshing native plugins compatible for Editor in 0.44 ms, found 2 plugins.
Preloading 0 native plugins for Editor in 0.00 ms.
Mono: successfully reloaded assembly
- Completed reload, in  3.765 seconds
Platform modules already initialized, skipping
Refreshing native plugins compatible for Editor in 0.75 ms, found 2 plugins.
Preloading 0 native plugins for Editor in 0.00 ms.
Unloading 1799 Unused Serialized files (Serialized files now loaded: 0)
System memory in use before: 168.6 MB.
System memory in use after: 168.7 MB.

Unloading 8 unused Assets to reduce memory usage. Loaded Objects now: 2315.
Total: 2.557586 ms (FindLiveObjects: 0.225861 ms CreateObjectMapping: 0.073736 ms MarkObjects: 2.227672 ms  DeleteObjects: 0.028989 ms)

========================================================================
Received Prepare
Registering precompiled user dll's ...
Registered in 0.019414 seconds.
Begin MonoManager ReloadAssembly
Native extension for OSXStandalone target not found
Refreshing native plugins compatible for Editor in 0.41 ms, found 2 plugins.
Preloading 0 native plugins for Editor in 0.00 ms.
Invalid AssetDatabase path: /Editor/EditorResources/cm_logo_sm.png. Use path relative to the project folder.
UnityEngine.StackTraceUtility:ExtractStackTrace () (at /Users/bokken/buildslave/unity/build/Runtime/Export/Scripting/StackTrace.cs:37)
UnityEditor.AssetDatabase:LoadAssetAtPath<UnityEngine.Texture2D> (string) (at /Users/bokken/buildslave/unity/build/Modules/AssetDatabase/Editor/ScriptBindings/AssetDatabase.bindings.cs:220)
Cinemachine.Editor.CinemachineSettings:get_CinemachineLogoTexture () (at Library/PackageCache/com.unity.cinemachine@2.6.5/Editor/Windows/CinemachineSettings.cs:205)
Cinemachine.Editor.CinemachineSettings:.cctor () (at Library/PackageCache/com.unity.cinemachine@2.6.5/Editor/Windows/CinemachineSettings.cs:237)
Cinemachine.CinemachineColliderPrefs:.cctor () (at Library/PackageCache/com.unity.cinemachine@2.6.5/Editor/Windows/CinemachineColliderPrefs.cs:61)
System.Runtime.CompilerServices.RuntimeHelpers:RunClassConstructor (System.RuntimeTypeHandle)
UnityEditor.EditorAssemblies:ProcessInitializeOnLoadAttributes (System.Type[]) (at /Users/bokken/buildslave/unity/build/Editor/Mono/EditorAssemblies.cs:114)

[Library/PackageCache/com.unity.cinemachine@2.6.5/Editor/Windows/CinemachineSettings.cs line 205]

Mono: successfully reloaded assembly
- Completed reload, in  1.800 seconds
Platform modules already initialized, skipping
Refreshing native plugins compatible for Editor in 0.42 ms, found 2 plugins.
Preloading 0 native plugins for Editor in 0.00 ms.
Unloading 1945 Unused Serialized files (Serialized files now loaded: 0)
System memory in use before: 175.5 MB.
System memory in use after: 175.6 MB.

Unloading 9 unused Assets to reduce memory usage. Loaded Objects now: 2463.
Total: 2.280556 ms (FindLiveObjects: 0.237602 ms CreateObjectMapping: 0.092149 ms MarkObjects: 1.886522 ms  DeleteObjects: 0.063082 ms)

========================================================================
Received Prepare
Registering precompiled user dll's ...
Registered in 0.137541 seconds.
Begin MonoManager ReloadAssembly
Native extension for OSXStandalone target not found
Refreshing native plugins compatible for Editor in 0.45 ms, found 2 plugins.
Preloading 0 native plugins for Editor in 0.00 ms.
Mono: successfully reloaded assembly
- Completed reload, in  1.686 seconds
Platform modules already initialized, skipping
Refreshing native plugins compatible for Editor in 0.42 ms, found 2 plugins.
Preloading 0 native plugins for Editor in 0.00 ms.
Unloading 1946 Unused Serialized files (Serialized files now loaded: 0)
System memory in use before: 175.9 MB.
System memory in use after: 176.0 MB.

Unloading 10 unused Assets to reduce memory usage. Loaded Objects now: 2467.
Total: 3.902791 ms (FindLiveObjects: 0.319678 ms CreateObjectMapping: 0.205710 ms MarkObjects: 3.170058 ms  DeleteObjects: 0.196392 ms)

========================================================================
Received Prepare
Registering precompiled user dll's ...
Registered in 0.017379 seconds.
Begin MonoManager ReloadAssembly
Native extension for OSXStandalone target not found
Refreshing native plugins compatible for Editor in 0.65 ms, found 2 plugins.
Preloading 0 native plugins for Editor in 0.00 ms.
Mono: successfully reloaded assembly
- Completed reload, in  1.786 seconds
Platform modules already initialized, skipping
Refreshing native plugins compatible for Editor in 0.53 ms, found 2 plugins.
Preloading 0 native plugins for Editor in 0.00 ms.
Unloading 1945 Unused Serialized files (Serialized files now loaded: 0)
System memory in use before: 176.0 MB.
System memory in use after: 176.1 MB.

Unloading 10 unused Assets to reduce memory usage. Loaded Objects now: 2470.
Total: 3.087202 ms (FindLiveObjects: 0.341245 ms CreateObjectMapping: 0.188177 ms MarkObjects: 2.489893 ms  DeleteObjects: 0.056943 ms)

========================================================================
Received Prepare
Registering precompiled user dll's ...
Registered in 0.018504 seconds.
Begin MonoManager ReloadAssembly
Native extension for OSXStandalone target not found
Refreshing native plugins compatible for Editor in 0.50 ms, found 2 plugins.
Preloading 0 native plugins for Editor in 0.00 ms.
Mono: successfully reloaded assembly
- Completed reload, in  1.467 seconds
Platform modules already initialized, skipping
Refreshing native plugins compatible for Editor in 0.45 ms, found 2 plugins.
Preloading 0 native plugins for Editor in 0.00 ms.
Unloading 1945 Unused Serialized files (Serialized files now loaded: 0)
System memory in use before: 176.3 MB.
System memory in use after: 176.4 MB.

Unloading 10 unused Assets to reduce memory usage. Loaded Objects now: 2473.
Total: 2.850911 ms (FindLiveObjects: 0.230978 ms CreateObjectMapping: 0.313675 ms MarkObjects: 2.225253 ms  DeleteObjects: 0.079190 ms)

========================================================================
Received Prepare
Registering precompiled user dll's ...
Registered in 0.000695 seconds.
Begin MonoManager ReloadAssembly
Native extension for OSXStandalone target not found
Refreshing native plugins compatible for Editor in 0.47 ms, found 2 plugins.
Preloading 0 native plugins for Editor in 0.00 ms.
Mono: successfully reloaded assembly
- Completed reload, in  1.746 seconds
Platform modules already initialized, skipping
Refreshing native plugins compatible for Editor in 0.68 ms, found 2 plugins.
Preloading 0 native plugins for Editor in 0.00 ms.
Unloading 1945 Unused Serialized files (Serialized files now loaded: 0)
System memory in use before: 176.5 MB.
System memory in use after: 176.6 MB.

Unloading 10 unused Assets to reduce memory usage. Loaded Objects now: 2476.
Total: 2.323012 ms (FindLiveObjects: 0.236795 ms CreateObjectMapping: 0.079695 ms MarkObjects: 1.951522 ms  DeleteObjects: 0.053533 ms)

========================================================================
Received Prepare
Registering precompiled user dll's ...
Registered in 0.015861 seconds.
Begin MonoManager ReloadAssembly
Native extension for OSXStandalone target not found
Refreshing native plugins compatible for Editor in 0.43 ms, found 2 plugins.
Preloading 0 native plugins for Editor in 0.00 ms.
Mono: successfully reloaded assembly
- Completed reload, in  3.186 seconds
Platform modules already initialized, skipping
Refreshing native plugins compatible for Editor in 0.41 ms, found 2 plugins.
Preloading 0 native plugins for Editor in 0.00 ms.
Unloading 1945 Unused Serialized files (Serialized files now loaded: 0)
System memory in use before: 176.7 MB.
System memory in use after: 176.8 MB.

Unloading 10 unused Assets to reduce memory usage. Loaded Objects now: 2479.
Total: 2.475520 ms (FindLiveObjects: 0.271899 ms CreateObjectMapping: 0.083681 ms MarkObjects: 2.062201 ms  DeleteObjects: 0.056622 ms)

========================================================================
Received Prepare
Registering precompiled user dll's ...
Registered in 0.067386 seconds.
Begin MonoManager ReloadAssembly
Native extension for OSXStandalone target not found
Refreshing native plugins compatible for Editor in 0.43 ms, found 2 plugins.
Preloading 0 native plugins for Editor in 0.00 ms.
Mono: successfully reloaded assembly
- Completed reload, in  2.852 seconds
Platform modules already initialized, skipping
Refreshing native plugins compatible for Editor in 0.70 ms, found 2 plugins.
Preloading 0 native plugins for Editor in 0.00 ms.
Unloading 1945 Unused Serialized files (Serialized files now loaded: 0)
System memory in use before: 176.9 MB.
System memory in use after: 177.0 MB.

Unloading 10 unused Assets to reduce memory usage. Loaded Objects now: 2482.
Total: 4.751227 ms (FindLiveObjects: 0.387192 ms CreateObjectMapping: 0.261436 ms MarkObjects: 4.040688 ms  DeleteObjects: 0.060330 ms)

========================================================================
Received Import Request.
  Time since last request: 2093.039636 seconds.
  path: Assets/Sprites
  artifactKey: Guid(60d9ece4984d04dcd93062317db21d8a) Importer(815301076,1909f56bfc062723c751e8b465ee728b)
Start importing Assets/Sprites using Guid(60d9ece4984d04dcd93062317db21d8a) Importer(815301076,1909f56bfc062723c751e8b465ee728b)  -> (artifact id: '7beadc86ff9612edffe297f611a21a15') in 0.043447 seconds
  Import took 0.096624 seconds .

========================================================================
Received Import Request.
  Time since last request: 0.021958 seconds.
  path: Assets/Sprites
  artifactKey: Guid(60d9ece4984d04dcd93062317db21d8a) Importer(815301076,1909f56bfc062723c751e8b465ee728b)
Start importing Assets/Sprites using Guid(60d9ece4984d04dcd93062317db21d8a) Importer(815301076,1909f56bfc062723c751e8b465ee728b)  -> (artifact id: '7beadc86ff9612edffe297f611a21a15') in 0.001132 seconds
  Import took 0.006077 seconds .

========================================================================
Received Prepare
Registering precompiled user dll's ...
Registered in 0.069304 seconds.
Begin MonoManager ReloadAssembly
Native extension for OSXStandalone target not found
Refreshing native plugins compatible for Editor in 0.46 ms, found 2 plugins.
Preloading 0 native plugins for Editor in 0.00 ms.
Mono: successfully reloaded assembly
- Completed reload, in  1.796 seconds
Platform modules already initialized, skipping
Refreshing native plugins compatible for Editor in 0.44 ms, found 2 plugins.
Preloading 0 native plugins for Editor in 0.00 ms.
Unloading 1945 Unused Serialized files (Serialized files now loaded: 0)
System memory in use before: 177.1 MB.
System memory in use after: 177.2 MB.

Unloading 10 unused Assets to reduce memory usage. Loaded Objects now: 2485.
Total: 2.851230 ms (FindLiveObjects: 0.323470 ms CreateObjectMapping: 0.185898 ms MarkObjects: 2.279774 ms  DeleteObjects: 0.060683 ms)

========================================================================
Received Prepare
Registering precompiled user dll's ...
Registered in 0.107579 seconds.
Begin MonoManager ReloadAssembly
Native extension for OSXStandalone target not found
Refreshing native plugins compatible for Editor in 0.47 ms, found 2 plugins.
Preloading 0 native plugins for Editor in 0.00 ms.
Mono: successfully reloaded assembly
- Completed reload, in  1.810 seconds
Platform modules already initialized, skipping
Refreshing native plugins compatible for Editor in 0.54 ms, found 2 plugins.
Preloading 0 native plugins for Editor in 0.00 ms.
Unloading 1945 Unused Serialized files (Serialized files now loaded: 0)
System memory in use before: 177.3 MB.
System memory in use after: 177.4 MB.

Unloading 10 unused Assets to reduce memory usage. Loaded Objects now: 2488.
Total: 2.753821 ms (FindLiveObjects: 0.288923 ms CreateObjectMapping: 0.169148 ms MarkObjects: 2.241489 ms  DeleteObjects: 0.053122 ms)

========================================================================
Received Prepare
Registering precompiled user dll's ...
Registered in 0.085973 seconds.
Begin MonoManager ReloadAssembly
Native extension for OSXStandalone target not found
Refreshing native plugins compatible for Editor in 0.41 ms, found 2 plugins.
Preloading 0 native plugins for Editor in 0.00 ms.
Mono: successfully reloaded assembly
- Completed reload, in  1.331 seconds
Platform modules already initialized, skipping
Refreshing native plugins compatible for Editor in 0.42 ms, found 2 plugins.
Preloading 0 native plugins for Editor in 0.00 ms.
Unloading 1945 Unused Serialized files (Serialized files now loaded: 0)
System memory in use before: 177.5 MB.
System memory in use after: 177.6 MB.

Unloading 10 unused Assets to reduce memory usage. Loaded Objects now: 2491.
Total: 3.281154 ms (FindLiveObjects: 0.282611 ms CreateObjectMapping: 0.142687 ms MarkObjects: 2.790158 ms  DeleteObjects: 0.064194 ms)

========================================================================
Received Prepare
Registering precompiled user dll's ...
Registered in 0.092293 seconds.
Begin MonoManager ReloadAssembly
Native extension for OSXStandalone target not found
Refreshing native plugins compatible for Editor in 0.40 ms, found 2 plugins.
Preloading 0 native plugins for Editor in 0.00 ms.
Mono: successfully reloaded assembly
- Completed reload, in  3.162 seconds
Platform modules already initialized, skipping
Refreshing native plugins compatible for Editor in 0.39 ms, found 2 plugins.
Preloading 0 native plugins for Editor in 0.00 ms.
Unloading 1945 Unused Serialized files (Serialized files now loaded: 0)
System memory in use before: 177.7 MB.
System memory in use after: 177.8 MB.

Unloading 10 unused Assets to reduce memory usage. Loaded Objects now: 2494.
Total: 2.178628 ms (FindLiveObjects: 0.218414 ms CreateObjectMapping: 0.076695 ms MarkObjects: 1.837044 ms  DeleteObjects: 0.045351 ms)

