Using pre-set license

 COMMAND LINE ARGUMENTS:
/Users/lesmouflets/Desktop/Esteban Stuff/Unity Projects/2020.3.8f1/Unity.app/Contents/MacOS/Unity
-adb2
-batchMode
-noUpm
-name
AssetImportWorker2
-projectPath
/Users/lesmouflets/Desktop/Esteban Stuff/Github/OneBossDemo/One Boss (MVP)
-logFile
Logs/AssetImportWorker2.log
-srvPort
57446
Successfully changed project path to: /Users/lesmouflets/Desktop/Esteban Stuff/Github/OneBossDemo/One Boss (MVP)
/Users/lesmouflets/Desktop/Esteban Stuff/Github/OneBossDemo/One Boss (MVP)
Using Asset Import Pipeline V2.
Refreshing native plugins compatible for Editor in 96.27 ms, found 2 plugins.
Preloading 0 native plugins for Editor in 0.00 ms.
Initialize engine version: 2020.3.8f1 (507919d4fff5)
[Subsystems] Discovering subsystems at path /Users/lesmouflets/Desktop/Esteban Stuff/Unity Projects/2020.3.8f1/Unity.app/Contents/Resources/UnitySubsystems
[Subsystems] Discovering subsystems at path /Users/lesmouflets/Desktop/Esteban Stuff/Github/OneBossDemo/One Boss (MVP)/Assets
GfxDevice: creating device client; threaded=0
2021-06-03 20:40:27.300 Unity[13450:1019604] iMac preferred device: NVIDIA GeForce GT 755M (high power)
2021-06-03 20:40:27.300 Unity[13450:1019604] Metal devices available: 1
2021-06-03 20:40:27.301 Unity[13450:1019604] 0: NVIDIA GeForce GT 755M (high power)
2021-06-03 20:40:27.302 Unity[13450:1019604] Using device NVIDIA GeForce GT 755M (high power)
Initializing Metal device caps: NVIDIA GeForce GT 755M
Initialize mono
Mono path[0] = '/Users/lesmouflets/Desktop/Esteban Stuff/Unity Projects/2020.3.8f1/Unity.app/Contents/Managed'
Mono path[1] = '/Users/lesmouflets/Desktop/Esteban Stuff/Unity Projects/2020.3.8f1/Unity.app/Contents/MonoBleedingEdge/lib/mono/unityjit'
Mono config path = '/Users/lesmouflets/Desktop/Esteban Stuff/Unity Projects/2020.3.8f1/Unity.app/Contents/MonoBleedingEdge/etc'
Using monoOptions --debugger-agent=transport=dt_socket,embedding=1,server=y,suspend=n,address=127.0.0.1:56450
Begin MonoManager ReloadAssembly
Registering precompiled unity dll's ...
Register platform support module: /Users/lesmouflets/Desktop/Esteban Stuff/Unity Projects/2020.3.8f1/Unity.app/Contents/PlaybackEngines/MacStandaloneSupport/UnityEditor.OSXStandalone.Extensions.dll
Registered in 0.034835 seconds.
Native extension for OSXStandalone target not found
Refreshing native plugins compatible for Editor in 42.96 ms, found 2 plugins.
Preloading 0 native plugins for Editor in 0.00 ms.
Mono: successfully reloaded assembly
- Completed reload, in  3.291 seconds
Platform modules already initialized, skipping
Registering precompiled user dll's ...
Registered in 0.022742 seconds.
Begin MonoManager ReloadAssembly
Native extension for OSXStandalone target not found
Refreshing native plugins compatible for Editor in 42.84 ms, found 2 plugins.
Preloading 0 native plugins for Editor in 0.00 ms.
Mono: successfully reloaded assembly
- Completed reload, in  1.526 seconds
Platform modules already initialized, skipping
========================================================================
Worker process is ready to serve import requests
Launching external process: /Users/lesmouflets/Desktop/Esteban Stuff/Unity Projects/2020.3.8f1/Unity.app/Contents/Tools/UnityShaderCompiler
Launched and connected shader compiler UnityShaderCompiler after 0.11 seconds
Refreshing native plugins compatible for Editor in 0.44 ms, found 2 plugins.
Preloading 0 native plugins for Editor in 0.00 ms.
Unloading 1807 Unused Serialized files (Serialized files now loaded: 0)
System memory in use before: 144.7 MB.
System memory in use after: 144.7 MB.

Unloading 19 unused Assets to reduce memory usage. Loaded Objects now: 2254.
Total: 2.514504 ms (FindLiveObjects: 0.215665 ms CreateObjectMapping: 0.064012 ms MarkObjects: 2.127863 ms  DeleteObjects: 0.106021 ms)

========================================================================
Received Import Request.
  path: Assets/Sprite
  artifactKey: Guid(60d9ece4984d04dcd93062317db21d8a) Importer(815301076,1909f56bfc062723c751e8b465ee728b)
Start importing Assets/Sprite using Guid(60d9ece4984d04dcd93062317db21d8a) Importer(815301076,1909f56bfc062723c751e8b465ee728b)  -> (artifact id: 'df036c7f601f4c87cd695ef66e9fda84') in 0.068701 seconds
  Import took 0.072515 seconds .

========================================================================
Received Import Request.
  Time since last request: 53.865303 seconds.
  path: Assets/Scenes/SampleScene.unity
  artifactKey: Guid(2cda990e2423bbf4892e6590ba056729) Importer(815301076,1909f56bfc062723c751e8b465ee728b)
Start importing Assets/Scenes/SampleScene.unity using Guid(2cda990e2423bbf4892e6590ba056729) Importer(815301076,1909f56bfc062723c751e8b465ee728b)  -> (artifact id: 'f15b9a4adc76c6e4f02edea107f11f6c') in 0.097335 seconds
  Import took 0.132104 seconds .

========================================================================
Received Import Request.
  Time since last request: 13.104859 seconds.
  path: Assets/Scenes/MainScene.unity
  artifactKey: Guid(2cda990e2423bbf4892e6590ba056729) Importer(815301076,1909f56bfc062723c751e8b465ee728b)
Start importing Assets/Scenes/MainScene.unity using Guid(2cda990e2423bbf4892e6590ba056729) Importer(815301076,1909f56bfc062723c751e8b465ee728b)  -> (artifact id: '8713ba9e8c2254bd8a61112ffaef0e61') in 0.035065 seconds
  Import took 0.063380 seconds .

========================================================================
Received Import Request.
  Time since last request: 55.501676 seconds.
  path: Assets/Sprites/Square.png
  artifactKey: Guid(b96fee354256a486e82cf75c2dd3ae77) Importer(815301076,1909f56bfc062723c751e8b465ee728b)
Start importing Assets/Sprites/Square.png using Guid(b96fee354256a486e82cf75c2dd3ae77) Importer(815301076,1909f56bfc062723c751e8b465ee728b)  -> (artifact id: 'ab47a9a1b6862a11f93df8fe66e50232') in 5.408311 seconds
  Import took 5.818314 seconds .

========================================================================
Received Prepare
Registering precompiled user dll's ...
Registered in 0.022648 seconds.
Begin MonoManager ReloadAssembly
Native extension for OSXStandalone target not found
Refreshing native plugins compatible for Editor in 0.39 ms, found 2 plugins.
Preloading 0 native plugins for Editor in 0.00 ms.
Mono: successfully reloaded assembly
- Completed reload, in  1.149 seconds
Platform modules already initialized, skipping
Refreshing native plugins compatible for Editor in 0.37 ms, found 2 plugins.
Preloading 0 native plugins for Editor in 0.00 ms.
Unloading 1798 Unused Serialized files (Serialized files now loaded: 0)
System memory in use before: 152.3 MB.
System memory in use after: 152.4 MB.

Unloading 8 unused Assets to reduce memory usage. Loaded Objects now: 2263.
Total: 2.278842 ms (FindLiveObjects: 0.203909 ms CreateObjectMapping: 0.068430 ms MarkObjects: 1.989846 ms  DeleteObjects: 0.015637 ms)

========================================================================
Received Prepare
Registering precompiled user dll's ...
Registered in 0.022587 seconds.
Begin MonoManager ReloadAssembly
Native extension for OSXStandalone target not found
Refreshing native plugins compatible for Editor in 0.40 ms, found 2 plugins.
Preloading 0 native plugins for Editor in 0.00 ms.
Mono: successfully reloaded assembly
- Completed reload, in  1.651 seconds
Platform modules already initialized, skipping
Refreshing native plugins compatible for Editor in 0.37 ms, found 2 plugins.
Preloading 0 native plugins for Editor in 0.00 ms.
Unloading 1798 Unused Serialized files (Serialized files now loaded: 0)
System memory in use before: 152.5 MB.
System memory in use after: 152.6 MB.

Unloading 8 unused Assets to reduce memory usage. Loaded Objects now: 2266.
Total: 2.181050 ms (FindLiveObjects: 0.209808 ms CreateObjectMapping: 0.074232 ms MarkObjects: 1.878922 ms  DeleteObjects: 0.017103 ms)

========================================================================
Received Prepare
Registering precompiled user dll's ...
Registered in 0.024902 seconds.
Begin MonoManager ReloadAssembly
Native extension for OSXStandalone target not found
Refreshing native plugins compatible for Editor in 0.41 ms, found 2 plugins.
Preloading 0 native plugins for Editor in 0.00 ms.
Mono: successfully reloaded assembly
- Completed reload, in  1.582 seconds
Platform modules already initialized, skipping
Refreshing native plugins compatible for Editor in 0.37 ms, found 2 plugins.
Preloading 0 native plugins for Editor in 0.00 ms.
Unloading 1798 Unused Serialized files (Serialized files now loaded: 0)
System memory in use before: 152.7 MB.
System memory in use after: 152.8 MB.

Unloading 8 unused Assets to reduce memory usage. Loaded Objects now: 2269.
Total: 2.133704 ms (FindLiveObjects: 0.214300 ms CreateObjectMapping: 0.079828 ms MarkObjects: 1.822378 ms  DeleteObjects: 0.015911 ms)

========================================================================
Received Prepare
Registering precompiled user dll's ...
Registered in 0.029082 seconds.
Begin MonoManager ReloadAssembly
Native extension for OSXStandalone target not found
Refreshing native plugins compatible for Editor in 0.38 ms, found 2 plugins.
Preloading 0 native plugins for Editor in 0.00 ms.
Mono: successfully reloaded assembly
- Completed reload, in  3.116 seconds
Platform modules already initialized, skipping
Refreshing native plugins compatible for Editor in 0.42 ms, found 2 plugins.
Preloading 0 native plugins for Editor in 0.00 ms.
Unloading 1798 Unused Serialized files (Serialized files now loaded: 0)
System memory in use before: 152.9 MB.
System memory in use after: 153.1 MB.

Unloading 8 unused Assets to reduce memory usage. Loaded Objects now: 2272.
Total: 2.298905 ms (FindLiveObjects: 0.199220 ms CreateObjectMapping: 0.062851 ms MarkObjects: 2.017172 ms  DeleteObjects: 0.018518 ms)

========================================================================
Received Import Request.
  Time since last request: 440.922399 seconds.
  path: ProjectSettings/TagManager.asset
  artifactKey: Guid(00000000000000003000000000000000) Importer(815301076,1909f56bfc062723c751e8b465ee728b)
Start importing ProjectSettings/TagManager.asset using Guid(00000000000000003000000000000000) Importer(815301076,1909f56bfc062723c751e8b465ee728b)  -> (artifact id: '95df672b4aaba54310d34c83eef51bb8') in 4.645519 seconds
  Import took 4.702113 seconds .

========================================================================
Received Prepare
Registering precompiled user dll's ...
Registered in 0.000721 seconds.
Begin MonoManager ReloadAssembly
Native extension for OSXStandalone target not found
Refreshing native plugins compatible for Editor in 0.40 ms, found 2 plugins.
Preloading 0 native plugins for Editor in 0.00 ms.
Mono: successfully reloaded assembly
- Completed reload, in  1.679 seconds
Platform modules already initialized, skipping
Refreshing native plugins compatible for Editor in 0.38 ms, found 2 plugins.
Preloading 0 native plugins for Editor in 0.00 ms.
Unloading 1798 Unused Serialized files (Serialized files now loaded: 0)
System memory in use before: 157.4 MB.
System memory in use after: 157.5 MB.

Unloading 9 unused Assets to reduce memory usage. Loaded Objects now: 2275.
Total: 2.726891 ms (FindLiveObjects: 0.308002 ms CreateObjectMapping: 0.080689 ms MarkObjects: 2.311452 ms  DeleteObjects: 0.025455 ms)

========================================================================
Received Prepare
Registering precompiled user dll's ...
Registered in 0.168141 seconds.
Begin MonoManager ReloadAssembly
Native extension for OSXStandalone target not found
Refreshing native plugins compatible for Editor in 0.44 ms, found 2 plugins.
Preloading 0 native plugins for Editor in 0.00 ms.
Mono: successfully reloaded assembly
- Completed reload, in  1.344 seconds
Platform modules already initialized, skipping
Refreshing native plugins compatible for Editor in 0.35 ms, found 2 plugins.
Preloading 0 native plugins for Editor in 0.00 ms.
Unloading 1799 Unused Serialized files (Serialized files now loaded: 0)
System memory in use before: 157.7 MB.
System memory in use after: 157.8 MB.

Unloading 8 unused Assets to reduce memory usage. Loaded Objects now: 2279.
Total: 1.939962 ms (FindLiveObjects: 0.190266 ms CreateObjectMapping: 0.065259 ms MarkObjects: 1.669366 ms  DeleteObjects: 0.014206 ms)

========================================================================
Received Prepare
Registering precompiled user dll's ...
Registered in 0.014640 seconds.
Begin MonoManager ReloadAssembly
Native extension for OSXStandalone target not found
Refreshing native plugins compatible for Editor in 0.42 ms, found 2 plugins.
Preloading 0 native plugins for Editor in 0.00 ms.
Mono: successfully reloaded assembly
- Completed reload, in  2.176 seconds
Platform modules already initialized, skipping
Refreshing native plugins compatible for Editor in 0.40 ms, found 2 plugins.
Preloading 0 native plugins for Editor in 0.00 ms.
Unloading 1799 Unused Serialized files (Serialized files now loaded: 0)
System memory in use before: 157.8 MB.
System memory in use after: 158.0 MB.

Unloading 8 unused Assets to reduce memory usage. Loaded Objects now: 2282.
Total: 3.163242 ms (FindLiveObjects: 0.262343 ms CreateObjectMapping: 0.074544 ms MarkObjects: 2.801943 ms  DeleteObjects: 0.022798 ms)

========================================================================
Received Import Request.
  Time since last request: 230.966488 seconds.
  path: Assets/Scripts/PlayerMovement.cs
  artifactKey: Guid(3b76999f4c68a47ad993af7289a63877) Importer(815301076,1909f56bfc062723c751e8b465ee728b)
Start importing Assets/Scripts/PlayerMovement.cs using Guid(3b76999f4c68a47ad993af7289a63877) Importer(815301076,1909f56bfc062723c751e8b465ee728b)  -> (artifact id: 'c47dcf42d494f9f10673eb1347875611') in 0.426100 seconds
  Import took 0.430556 seconds .

========================================================================
Received Prepare
Registering precompiled user dll's ...
Registered in 0.030674 seconds.
Begin MonoManager ReloadAssembly
Native extension for OSXStandalone target not found
Refreshing native plugins compatible for Editor in 1.76 ms, found 2 plugins.
Preloading 0 native plugins for Editor in 0.00 ms.
Mono: successfully reloaded assembly
- Completed reload, in  2.380 seconds
Platform modules already initialized, skipping
Refreshing native plugins compatible for Editor in 0.37 ms, found 2 plugins.
Preloading 0 native plugins for Editor in 0.00 ms.
Unloading 1799 Unused Serialized files (Serialized files now loaded: 0)
System memory in use before: 162.3 MB.
System memory in use after: 162.4 MB.

Unloading 8 unused Assets to reduce memory usage. Loaded Objects now: 2285.
Total: 3.237731 ms (FindLiveObjects: 0.294642 ms CreateObjectMapping: 0.076708 ms MarkObjects: 2.837717 ms  DeleteObjects: 0.027124 ms)

========================================================================
Received Import Request.
  Time since last request: 216.117890 seconds.
  path: Assets/Scripts/PlayerMovement.cs
  artifactKey: Guid(3b76999f4c68a47ad993af7289a63877) Importer(815301076,1909f56bfc062723c751e8b465ee728b)
Start importing Assets/Scripts/PlayerMovement.cs using Guid(3b76999f4c68a47ad993af7289a63877) Importer(815301076,1909f56bfc062723c751e8b465ee728b)  -> (artifact id: 'e2a480366580568d72c585caabb1ed85') in 0.022006 seconds
  Import took 0.025653 seconds .

========================================================================
Received Prepare
Registering precompiled user dll's ...
Registered in 0.086368 seconds.
Begin MonoManager ReloadAssembly
Native extension for OSXStandalone target not found
Refreshing native plugins compatible for Editor in 0.39 ms, found 2 plugins.
Preloading 0 native plugins for Editor in 0.00 ms.
Mono: successfully reloaded assembly
- Completed reload, in  2.398 seconds
Platform modules already initialized, skipping
Refreshing native plugins compatible for Editor in 0.36 ms, found 2 plugins.
Preloading 0 native plugins for Editor in 0.00 ms.
Unloading 1799 Unused Serialized files (Serialized files now loaded: 0)
System memory in use before: 162.5 MB.
System memory in use after: 162.6 MB.

Unloading 8 unused Assets to reduce memory usage. Loaded Objects now: 2288.
Total: 1.994528 ms (FindLiveObjects: 0.187682 ms CreateObjectMapping: 0.063578 ms MarkObjects: 1.728464 ms  DeleteObjects: 0.013820 ms)

========================================================================
Received Prepare
Registering precompiled user dll's ...
Registered in 0.077481 seconds.
Begin MonoManager ReloadAssembly
Native extension for OSXStandalone target not found
Refreshing native plugins compatible for Editor in 0.37 ms, found 2 plugins.
Preloading 0 native plugins for Editor in 0.00 ms.
Mono: successfully reloaded assembly
- Completed reload, in  1.557 seconds
Platform modules already initialized, skipping
Refreshing native plugins compatible for Editor in 0.43 ms, found 2 plugins.
Preloading 0 native plugins for Editor in 0.00 ms.
Unloading 1799 Unused Serialized files (Serialized files now loaded: 0)
System memory in use before: 162.7 MB.
System memory in use after: 162.8 MB.

Unloading 8 unused Assets to reduce memory usage. Loaded Objects now: 2291.
Total: 2.504266 ms (FindLiveObjects: 0.203095 ms CreateObjectMapping: 0.085487 ms MarkObjects: 2.193577 ms  DeleteObjects: 0.020952 ms)

========================================================================
Received Prepare
Registering precompiled user dll's ...
Registered in 0.000735 seconds.
Begin MonoManager ReloadAssembly
Native extension for OSXStandalone target not found
Refreshing native plugins compatible for Editor in 0.36 ms, found 2 plugins.
Preloading 0 native plugins for Editor in 0.00 ms.
Mono: successfully reloaded assembly
- Completed reload, in  1.098 seconds
Platform modules already initialized, skipping
Refreshing native plugins compatible for Editor in 0.58 ms, found 2 plugins.
Preloading 0 native plugins for Editor in 0.00 ms.
Unloading 1799 Unused Serialized files (Serialized files now loaded: 0)
System memory in use before: 162.9 MB.
System memory in use after: 163.0 MB.

Unloading 8 unused Assets to reduce memory usage. Loaded Objects now: 2294.
Total: 2.307922 ms (FindLiveObjects: 0.188595 ms CreateObjectMapping: 0.062416 ms MarkObjects: 2.035855 ms  DeleteObjects: 0.019468 ms)

========================================================================
Received Prepare
Registering precompiled user dll's ...
Registered in 0.095585 seconds.
Begin MonoManager ReloadAssembly
Native extension for OSXStandalone target not found
Refreshing native plugins compatible for Editor in 0.40 ms, found 2 plugins.
Preloading 0 native plugins for Editor in 0.00 ms.
Mono: successfully reloaded assembly
- Completed reload, in  3.026 seconds
Platform modules already initialized, skipping
Refreshing native plugins compatible for Editor in 0.35 ms, found 2 plugins.
Preloading 0 native plugins for Editor in 0.00 ms.
Unloading 1799 Unused Serialized files (Serialized files now loaded: 0)
System memory in use before: 163.1 MB.
System memory in use after: 163.2 MB.

Unloading 8 unused Assets to reduce memory usage. Loaded Objects now: 2297.
Total: 2.000582 ms (FindLiveObjects: 0.191613 ms CreateObjectMapping: 0.063067 ms MarkObjects: 1.731388 ms  DeleteObjects: 0.013703 ms)

========================================================================
Received Prepare
Registering precompiled user dll's ...
Registered in 0.233747 seconds.
Begin MonoManager ReloadAssembly
Native extension for OSXStandalone target not found
Refreshing native plugins compatible for Editor in 0.42 ms, found 2 plugins.
Preloading 0 native plugins for Editor in 0.00 ms.
Mono: successfully reloaded assembly
- Completed reload, in  4.054 seconds
Platform modules already initialized, skipping
Refreshing native plugins compatible for Editor in 0.41 ms, found 2 plugins.
Preloading 0 native plugins for Editor in 0.00 ms.
Unloading 1799 Unused Serialized files (Serialized files now loaded: 0)
System memory in use before: 163.3 MB.
System memory in use after: 163.4 MB.

Unloading 8 unused Assets to reduce memory usage. Loaded Objects now: 2300.
Total: 3.001495 ms (FindLiveObjects: 0.313829 ms CreateObjectMapping: 0.160722 ms MarkObjects: 2.505205 ms  DeleteObjects: 0.020348 ms)

========================================================================
Received Import Request.
  Time since last request: 1179.022656 seconds.
  path: Assets/Scripts/PlayerMovement.cs
  artifactKey: Guid(3b76999f4c68a47ad993af7289a63877) Importer(815301076,1909f56bfc062723c751e8b465ee728b)
Start importing Assets/Scripts/PlayerMovement.cs using Guid(3b76999f4c68a47ad993af7289a63877) Importer(815301076,1909f56bfc062723c751e8b465ee728b)  -> (artifact id: '56ea0a72a2d56bc063b090b7fe205c8f') in 0.005802 seconds
  Import took 0.009375 seconds .

========================================================================
Received Prepare
Registering precompiled user dll's ...
Registered in 0.017349 seconds.
Begin MonoManager ReloadAssembly
Native extension for OSXStandalone target not found
Refreshing native plugins compatible for Editor in 0.39 ms, found 2 plugins.
Preloading 0 native plugins for Editor in 0.00 ms.
Mono: successfully reloaded assembly
- Completed reload, in  2.694 seconds
Platform modules already initialized, skipping
Refreshing native plugins compatible for Editor in 0.44 ms, found 2 plugins.
Preloading 0 native plugins for Editor in 0.00 ms.
Unloading 1799 Unused Serialized files (Serialized files now loaded: 0)
System memory in use before: 163.5 MB.
System memory in use after: 163.7 MB.

Unloading 8 unused Assets to reduce memory usage. Loaded Objects now: 2303.
Total: 2.681350 ms (FindLiveObjects: 0.275151 ms CreateObjectMapping: 0.189474 ms MarkObjects: 2.198547 ms  DeleteObjects: 0.017276 ms)

========================================================================
Received Import Request.
  Time since last request: 73.975398 seconds.
  path: Assets/Scripts/PlayerMovement.cs
  artifactKey: Guid(3b76999f4c68a47ad993af7289a63877) Importer(815301076,1909f56bfc062723c751e8b465ee728b)
Start importing Assets/Scripts/PlayerMovement.cs using Guid(3b76999f4c68a47ad993af7289a63877) Importer(815301076,1909f56bfc062723c751e8b465ee728b)  -> (artifact id: '82db6100044c775be582fc520726c912') in 0.005525 seconds
  Import took 0.009858 seconds .

========================================================================
Received Prepare
Registering precompiled user dll's ...
Registered in 0.060243 seconds.
Begin MonoManager ReloadAssembly
Native extension for OSXStandalone target not found
Refreshing native plugins compatible for Editor in 0.97 ms, found 2 plugins.
Preloading 0 native plugins for Editor in 0.00 ms.
Mono: successfully reloaded assembly
- Completed reload, in  2.301 seconds
Platform modules already initialized, skipping
Refreshing native plugins compatible for Editor in 0.41 ms, found 2 plugins.
Preloading 0 native plugins for Editor in 0.00 ms.
Unloading 1799 Unused Serialized files (Serialized files now loaded: 0)
System memory in use before: 163.8 MB.
System memory in use after: 163.9 MB.

Unloading 8 unused Assets to reduce memory usage. Loaded Objects now: 2306.
Total: 2.428648 ms (FindLiveObjects: 0.233553 ms CreateObjectMapping: 0.088277 ms MarkObjects: 2.086001 ms  DeleteObjects: 0.019631 ms)

========================================================================
Received Prepare
Registering precompiled user dll's ...
Registered in 0.000665 seconds.
Begin MonoManager ReloadAssembly
Native extension for OSXStandalone target not found
Refreshing native plugins compatible for Editor in 0.38 ms, found 2 plugins.
Preloading 0 native plugins for Editor in 0.00 ms.
Mono: successfully reloaded assembly
- Completed reload, in  3.766 seconds
Platform modules already initialized, skipping
Refreshing native plugins compatible for Editor in 0.47 ms, found 2 plugins.
Preloading 0 native plugins for Editor in 0.00 ms.
Unloading 1799 Unused Serialized files (Serialized files now loaded: 0)
System memory in use before: 164.0 MB.
System memory in use after: 164.1 MB.

Unloading 8 unused Assets to reduce memory usage. Loaded Objects now: 2309.
Total: 2.490710 ms (FindLiveObjects: 0.271818 ms CreateObjectMapping: 0.147166 ms MarkObjects: 2.054367 ms  DeleteObjects: 0.016431 ms)

========================================================================
Received Prepare
Registering precompiled user dll's ...
Registered in 0.081306 seconds.
Begin MonoManager ReloadAssembly
Native extension for OSXStandalone target not found
Refreshing native plugins compatible for Editor in 0.38 ms, found 2 plugins.
Preloading 0 native plugins for Editor in 0.00 ms.
Mono: successfully reloaded assembly
- Completed reload, in  1.291 seconds
Platform modules already initialized, skipping
Refreshing native plugins compatible for Editor in 0.48 ms, found 2 plugins.
Preloading 0 native plugins for Editor in 0.00 ms.
Unloading 1799 Unused Serialized files (Serialized files now loaded: 0)
System memory in use before: 164.2 MB.
System memory in use after: 164.3 MB.

Unloading 8 unused Assets to reduce memory usage. Loaded Objects now: 2312.
Total: 3.096612 ms (FindLiveObjects: 0.300945 ms CreateObjectMapping: 0.304016 ms MarkObjects: 2.469792 ms  DeleteObjects: 0.020622 ms)

