Using pre-set license

 COMMAND LINE ARGUMENTS:
/Users/lesmouflets/Desktop/Esteban Stuff/Unity Projects/2020.3.8f1/Unity.app/Contents/MacOS/Unity
-adb2
-batchMode
-noUpm
-name
AssetImportWorker3
-projectPath
/Users/lesmouflets/Desktop/Esteban Stuff/Github/OneBossDemo/One Boss (MVP)
-logFile
Logs/AssetImportWorker3.log
-srvPort
61451
Successfully changed project path to: /Users/lesmouflets/Desktop/Esteban Stuff/Github/OneBossDemo/One Boss (MVP)
/Users/lesmouflets/Desktop/Esteban Stuff/Github/OneBossDemo/One Boss (MVP)
Using Asset Import Pipeline V2.
Refreshing native plugins compatible for Editor in 143.79 ms, found 2 plugins.
Preloading 0 native plugins for Editor in 0.00 ms.
Initialize engine version: 2020.3.8f1 (507919d4fff5)
[Subsystems] Discovering subsystems at path /Users/lesmouflets/Desktop/Esteban Stuff/Unity Projects/2020.3.8f1/Unity.app/Contents/Resources/UnitySubsystems
[Subsystems] Discovering subsystems at path /Users/lesmouflets/Desktop/Esteban Stuff/Github/OneBossDemo/One Boss (MVP)/Assets
GfxDevice: creating device client; threaded=0
2021-06-04 21:35:23.391 Unity[17892:1442811] iMac preferred device: NVIDIA GeForce GT 755M (high power)
2021-06-04 21:35:23.391 Unity[17892:1442811] Metal devices available: 1
2021-06-04 21:35:23.391 Unity[17892:1442811] 0: NVIDIA GeForce GT 755M (high power)
2021-06-04 21:35:23.397 Unity[17892:1442811] Using device NVIDIA GeForce GT 755M (high power)
Initializing Metal device caps: NVIDIA GeForce GT 755M
Initialize mono
Mono path[0] = '/Users/lesmouflets/Desktop/Esteban Stuff/Unity Projects/2020.3.8f1/Unity.app/Contents/Managed'
Mono path[1] = '/Users/lesmouflets/Desktop/Esteban Stuff/Unity Projects/2020.3.8f1/Unity.app/Contents/MonoBleedingEdge/lib/mono/unityjit'
Mono config path = '/Users/lesmouflets/Desktop/Esteban Stuff/Unity Projects/2020.3.8f1/Unity.app/Contents/MonoBleedingEdge/etc'
Using monoOptions --debugger-agent=transport=dt_socket,embedding=1,server=y,suspend=n,address=127.0.0.1:56892
Begin MonoManager ReloadAssembly
Registering precompiled unity dll's ...
Register platform support module: /Users/lesmouflets/Desktop/Esteban Stuff/Unity Projects/2020.3.8f1/Unity.app/Contents/PlaybackEngines/MacStandaloneSupport/UnityEditor.OSXStandalone.Extensions.dll
Registered in 0.296076 seconds.
Native extension for OSXStandalone target not found
Refreshing native plugins compatible for Editor in 73.88 ms, found 2 plugins.
Preloading 0 native plugins for Editor in 0.00 ms.
Mono: successfully reloaded assembly
- Completed reload, in  4.580 seconds
Platform modules already initialized, skipping
Registering precompiled user dll's ...
Registered in 0.363419 seconds.
